<?xml version="1.0" encoding="UTF-8"?>
<testsuite xmlns:xsi="http://www.w3.org/2001/XMLSchema-instance" xsi:noNamespaceSchemaLocation="https://maven.apache.org/surefire/maven-surefire-plugin/xsd/surefire-test-report-3.0.xsd" version="3.0" name="com.automation.runner.TestRunner" time="1,396.755" tests="17" errors="0" skipped="0" failures="0">
  <properties>
[...]
</properties>
  <testcase name="verify user can add new task" classname="Add new task functionality" time="84.452">
    <system-out><![CDATA[&amp#27;[38;5;112m[Appium]&amp#27;[0m Welcome to Appium v2.11.3
&amp#27;[38;5;112m[Appium]&amp#27;[0m The autodetected Appium home path: C:\Users\280707\.appium
&amp#27;[38;5;112m[Appium]&amp#27;[0m Attempting to load driver uiautomator2...
&amp#27;[38;5;112m[Appium]&amp#27;[0m Requiring driver at C:\Users\280707\.appium\node_modules\appium-uiautomator2-driver\build\index.js
&amp#27;[38;5;112m[Appium]&amp#27;[0m AndroidUiautomator2Driver has been successfully loaded in 4.096s
&amp#27;[38;5;86m[HTTP]&amp#27;[0m Could not start REST http interface listener. The requested port may already be in use. Please make sure there is no other instance of this server running already.
&amp#27;[38;5;112m[Appium]&amp#27;[0m Could not configure Appium server. It's possible that a driver or plugin tried to update the server and failed. Original error: listen EADDRINUSE: address already in use 0.0.0.0:4723
&amp#27;[38;5;112m[Appium]&amp#27;[0m Error: listen EADDRINUSE: address already in use 0.0.0.0:4723
    at Server.setupListenHandle [as _listen2] (node:net:1904:16)
    at listenInCluster (node:net:1961:12)
    at doListen (node:net:2135:7)
    at processTicksAndRejections (node:internal/process/task_queues:83:21)
//android.view.View[@content-desc='September 2024']/android.view.View[@content-desc='24']
]]></system-out>
    <system-err><![CDATA[SLF4J: No SLF4J providers were found.
SLF4J: Defaulting to no-operation (NOP) logger implementation
SLF4J: See https://www.slf4j.org/codes.html#noProviders for further details.
]]></system-err>
  </testcase>
  <testcase name="verify user can add new task" classname="Complete Next task functionality" time="85.235">
    <system-out><![CDATA[&amp#27;[38;5;112m[Appium]&amp#27;[0m Welcome to Appium v2.11.3
&amp#27;[38;5;112m[Appium]&amp#27;[0m The autodetected Appium home path: C:\Users\280707\.appium
&amp#27;[38;5;112m[Appium]&amp#27;[0m Attempting to load driver uiautomator2...
&amp#27;[38;5;112m[Appium]&amp#27;[0m Requiring driver at C:\Users\280707\.appium\node_modules\appium-uiautomator2-driver\build\index.js
&amp#27;[38;5;112m[Appium]&amp#27;[0m AndroidUiautomator2Driver has been successfully loaded in 2.447s
&amp#27;[38;5;86m[HTTP]&amp#27;[0m Could not start REST http interface listener. The requested port may already be in use. Please make sure there is no other instance of this server running already.
&amp#27;[38;5;112m[Appium]&amp#27;[0m Could not configure Appium server. It's possible that a driver or plugin tried to update the server and failed. Original error: listen EADDRINUSE: address already in use 0.0.0.0:4723
&amp#27;[38;5;112m[Appium]&amp#27;[0m Error: listen EADDRINUSE: address already in use 0.0.0.0:4723
    at Server.setupListenHandle [as _listen2] (node:net:1904:16)
    at listenInCluster (node:net:1961:12)
    at doListen (node:net:2135:7)
    at processTicksAndRejections (node:internal/process/task_queues:83:21)
//android.view.View[@content-desc='September 2024']/android.view.View[@content-desc='24']
]]></system-out>
  </testcase>
  <testcase name="Verify user can complete the next task" classname="Complete Next task functionality" time="60.374">
    <system-out><![CDATA[&amp#27;[38;5;112m[Appium]&amp#27;[0m Welcome to Appium v2.11.3
&amp#27;[38;5;112m[Appium]&amp#27;[0m The autodetected Appium home path: C:\Users\280707\.appium
&amp#27;[38;5;112m[Appium]&amp#27;[0m Attempting to load driver uiautomator2...
&amp#27;[38;5;112m[Appium]&amp#27;[0m Requiring driver at C:\Users\280707\.appium\node_modules\appium-uiautomator2-driver\build\index.js
&amp#27;[38;5;112m[Appium]&amp#27;[0m AndroidUiautomator2Driver has been successfully loaded in 2.439s
&amp#27;[38;5;86m[HTTP]&amp#27;[0m Could not start REST http interface listener. The requested port may already be in use. Please make sure there is no other instance of this server running already.
&amp#27;[38;5;112m[Appium]&amp#27;[0m Could not configure Appium server. It's possible that a driver or plugin tried to update the server and failed. Original error: listen EADDRINUSE: address already in use 0.0.0.0:4723
&amp#27;[38;5;112m[Appium]&amp#27;[0m Error: listen EADDRINUSE: address already in use 0.0.0.0:4723
    at Server.setupListenHandle [as _listen2] (node:net:1904:16)
    at listenInCluster (node:net:1961:12)
    at doListen (node:net:2135:7)
    at processTicksAndRejections (node:internal/process/task_queues:83:21)
//android.widget.Button[contains(@content-desc,'Go to Park')]
]]></system-out>
  </testcase>
  <testcase name="Verify user mark the next task as inProgress" classname="Complete Next task functionality" time="70.167">
    <system-out><![CDATA[&amp#27;[38;5;112m[Appium]&amp#27;[0m Welcome to Appium v2.11.3
&amp#27;[38;5;112m[Appium]&amp#27;[0m The autodetected Appium home path: C:\Users\280707\.appium
&amp#27;[38;5;112m[Appium]&amp#27;[0m Attempting to load driver uiautomator2...
&amp#27;[38;5;112m[Appium]&amp#27;[0m Requiring driver at C:\Users\280707\.appium\node_modules\appium-uiautomator2-driver\build\index.js
&amp#27;[38;5;112m[Appium]&amp#27;[0m AndroidUiautomator2Driver has been successfully loaded in 2.432s
&amp#27;[38;5;86m[HTTP]&amp#27;[0m Could not start REST http interface listener. The requested port may already be in use. Please make sure there is no other instance of this server running already.
&amp#27;[38;5;112m[Appium]&amp#27;[0m Could not configure Appium server. It's possible that a driver or plugin tried to update the server and failed. Original error: listen EADDRINUSE: address already in use 0.0.0.0:4723
&amp#27;[38;5;112m[Appium]&amp#27;[0m Error: listen EADDRINUSE: address already in use 0.0.0.0:4723
    at Server.setupListenHandle [as _listen2] (node:net:1904:16)
    at listenInCluster (node:net:1961:12)
    at doListen (node:net:2135:7)
    at processTicksAndRejections (node:internal/process/task_queues:83:21)
//android.widget.Button[contains(@content-desc,'Go to Park')]
]]></system-out>
  </testcase>
  <testcase name="Verify user can add a task to favorite" classname="Complete Next task functionality" time="115.316">
    <system-out><![CDATA[&amp#27;[38;5;112m[Appium]&amp#27;[0m Welcome to Appium v2.11.3
&amp#27;[38;5;112m[Appium]&amp#27;[0m The autodetected Appium home path: C:\Users\280707\.appium
&amp#27;[38;5;112m[Appium]&amp#27;[0m Attempting to load driver uiautomator2...
&amp#27;[38;5;112m[Appium]&amp#27;[0m Requiring driver at C:\Users\280707\.appium\node_modules\appium-uiautomator2-driver\build\index.js
&amp#27;[38;5;112m[Appium]&amp#27;[0m AndroidUiautomator2Driver has been successfully loaded in 2.343s
&amp#27;[38;5;86m[HTTP]&amp#27;[0m Could not start REST http interface listener. The requested port may already be in use. Please make sure there is no other instance of this server running already.
&amp#27;[38;5;112m[Appium]&amp#27;[0m Could not configure Appium server. It's possible that a driver or plugin tried to update the server and failed. Original error: listen EADDRINUSE: address already in use 0.0.0.0:4723
&amp#27;[38;5;112m[Appium]&amp#27;[0m Error: listen EADDRINUSE: address already in use 0.0.0.0:4723
    at Server.setupListenHandle [as _listen2] (node:net:1904:16)
    at listenInCluster (node:net:1961:12)
    at doListen (node:net:2135:7)
    at processTicksAndRejections (node:internal/process/task_queues:83:21)
//android.widget.Button[contains(@content-desc,'Go to Park')]
false
false
false
false
false
true
]]></system-out>
  </testcase>
  <testcase name="verify user can complete a task by swipe" classname="Complete task by swipe functionality" time="89.644">
    <system-out><![CDATA[&amp#27;[38;5;112m[Appium]&amp#27;[0m Welcome to Appium v2.11.3
&amp#27;[38;5;112m[Appium]&amp#27;[0m The autodetected Appium home path: C:\Users\280707\.appium
&amp#27;[38;5;112m[Appium]&amp#27;[0m Attempting to load driver uiautomator2...
&amp#27;[38;5;112m[Appium]&amp#27;[0m Requiring driver at C:\Users\280707\.appium\node_modules\appium-uiautomator2-driver\build\index.js
&amp#27;[38;5;112m[Appium]&amp#27;[0m AndroidUiautomator2Driver has been successfully loaded in 2.678s
&amp#27;[38;5;86m[HTTP]&amp#27;[0m Could not start REST http interface listener. The requested port may already be in use. Please make sure there is no other instance of this server running already.
&amp#27;[38;5;112m[Appium]&amp#27;[0m Could not configure Appium server. It's possible that a driver or plugin tried to update the server and failed. Original error: listen EADDRINUSE: address already in use 0.0.0.0:4723
&amp#27;[38;5;112m[Appium]&amp#27;[0m Error: listen EADDRINUSE: address already in use 0.0.0.0:4723
    at Server.setupListenHandle [as _listen2] (node:net:1904:16)
    at listenInCluster (node:net:1961:12)
    at doListen (node:net:2135:7)
    at processTicksAndRejections (node:internal/process/task_queues:83:21)
//android.view.View[@content-desc='September 2024']/android.view.View[@content-desc='24']
]]></system-out>
  </testcase>
  <testcase name="verify note is created" classname="Create Notepad Functionality" time="124.008">
    <system-out><![CDATA[&amp#27;[38;5;112m[Appium]&amp#27;[0m Welcome to Appium v2.11.3
&amp#27;[38;5;112m[Appium]&amp#27;[0m The autodetected Appium home path: C:\Users\280707\.appium
&amp#27;[38;5;112m[Appium]&amp#27;[0m Attempting to load driver uiautomator2...
&amp#27;[38;5;112m[Appium]&amp#27;[0m Requiring driver at C:\Users\280707\.appium\node_modules\appium-uiautomator2-driver\build\index.js
&amp#27;[38;5;112m[Appium]&amp#27;[0m AndroidUiautomator2Driver has been successfully loaded in 3.085s
&amp#27;[38;5;86m[HTTP]&amp#27;[0m Could not start REST http interface listener. The requested port may already be in use. Please make sure there is no other instance of this server running already.
&amp#27;[38;5;112m[Appium]&amp#27;[0m Could not configure Appium server. It's possible that a driver or plugin tried to update the server and failed. Original error: listen EADDRINUSE: address already in use 0.0.0.0:4723
&amp#27;[38;5;112m[Appium]&amp#27;[0m Error: listen EADDRINUSE: address already in use 0.0.0.0:4723
    at Server.setupListenHandle [as _listen2] (node:net:1904:16)
    at listenInCluster (node:net:1961:12)
    at doListen (node:net:2135:7)
    at processTicksAndRejections (node:internal/process/task_queues:83:21)
after click
]]></system-out>
  </testcase>
  <testcase name="Verify user can delete note" classname="Create Notepad Functionality" time="63.148">
    <system-out><![CDATA[&amp#27;[38;5;112m[Appium]&amp#27;[0m Welcome to Appium v2.11.3
&amp#27;[38;5;112m[Appium]&amp#27;[0m The autodetected Appium home path: C:\Users\280707\.appium
&amp#27;[38;5;112m[Appium]&amp#27;[0m Attempting to load driver uiautomator2...
&amp#27;[38;5;112m[Appium]&amp#27;[0m Requiring driver at C:\Users\280707\.appium\node_modules\appium-uiautomator2-driver\build\index.js
&amp#27;[38;5;112m[Appium]&amp#27;[0m AndroidUiautomator2Driver has been successfully loaded in 4.608s
&amp#27;[38;5;86m[HTTP]&amp#27;[0m Could not start REST http interface listener. The requested port may already be in use. Please make sure there is no other instance of this server running already.
&amp#27;[38;5;112m[Appium]&amp#27;[0m Could not configure Appium server. It's possible that a driver or plugin tried to update the server and failed. Original error: listen EADDRINUSE: address already in use 0.0.0.0:4723
&amp#27;[38;5;112m[Appium]&amp#27;[0m Error: listen EADDRINUSE: address already in use 0.0.0.0:4723
    at Server.setupListenHandle [as _listen2] (node:net:1904:16)
    at listenInCluster (node:net:1961:12)
    at doListen (node:net:2135:7)
    at processTicksAndRejections (node:internal/process/task_queues:83:21)
]]></system-out>
  </testcase>
  <testcase name="create a reminder" classname="create a reminder" time="84.346">
    <system-out><![CDATA[&amp#27;[38;5;112m[Appium]&amp#27;[0m Welcome to Appium v2.11.3
&amp#27;[38;5;112m[Appium]&amp#27;[0m The autodetected Appium home path: C:\Users\280707\.appium
&amp#27;[38;5;112m[Appium]&amp#27;[0m Attempting to load driver uiautomator2...
&amp#27;[38;5;112m[Appium]&amp#27;[0m Requiring driver at C:\Users\280707\.appium\node_modules\appium-uiautomator2-driver\build\index.js
&amp#27;[38;5;112m[Appium]&amp#27;[0m AndroidUiautomator2Driver has been successfully loaded in 2.874s
&amp#27;[38;5;86m[HTTP]&amp#27;[0m Could not start REST http interface listener. The requested port may already be in use. Please make sure there is no other instance of this server running already.
&amp#27;[38;5;112m[Appium]&amp#27;[0m Could not configure Appium server. It's possible that a driver or plugin tried to update the server and failed. Original error: listen EADDRINUSE: address already in use 0.0.0.0:4723
&amp#27;[38;5;112m[Appium]&amp#27;[0m Error: listen EADDRINUSE: address already in use 0.0.0.0:4723
    at Server.setupListenHandle [as _listen2] (node:net:1904:16)
    at listenInCluster (node:net:1961:12)
    at doListen (node:net:2135:7)
    at processTicksAndRejections (node:internal/process/task_queues:83:21)
false
false
false
true
user.reminder
]]></system-out>
  </testcase>
  <testcase name="verify user can delete a remainder" classname="create a reminder" time="75.252">
    <system-out><![CDATA[&amp#27;[38;5;112m[Appium]&amp#27;[0m Welcome to Appium v2.11.3
&amp#27;[38;5;112m[Appium]&amp#27;[0m The autodetected Appium home path: C:\Users\280707\.appium
&amp#27;[38;5;112m[Appium]&amp#27;[0m Attempting to load driver uiautomator2...
&amp#27;[38;5;112m[Appium]&amp#27;[0m Requiring driver at C:\Users\280707\.appium\node_modules\appium-uiautomator2-driver\build\index.js
&amp#27;[38;5;112m[Appium]&amp#27;[0m AndroidUiautomator2Driver has been successfully loaded in 2.575s
&amp#27;[38;5;86m[HTTP]&amp#27;[0m Could not start REST http interface listener. The requested port may already be in use. Please make sure there is no other instance of this server running already.
&amp#27;[38;5;112m[Appium]&amp#27;[0m Could not configure Appium server. It's possible that a driver or plugin tried to update the server and failed. Original error: listen EADDRINUSE: address already in use 0.0.0.0:4723
&amp#27;[38;5;112m[Appium]&amp#27;[0m Error: listen EADDRINUSE: address already in use 0.0.0.0:4723
    at Server.setupListenHandle [as _listen2] (node:net:1904:16)
    at listenInCluster (node:net:1961:12)
    at doListen (node:net:2135:7)
    at processTicksAndRejections (node:internal/process/task_queues:83:21)
false
false
false
true
no OF Reminaindoef5
List i  askdnas5
//android.widget.Button[contains(@content-desc, 'Test Automation')]
]]></system-out>
  </testcase>
  <testcase name="Verify user can create and complete the next task" classname="Favorite Task Validation" time="87.232">
    <system-out><![CDATA[&amp#27;[38;5;112m[Appium]&amp#27;[0m Welcome to Appium v2.11.3
&amp#27;[38;5;112m[Appium]&amp#27;[0m The autodetected Appium home path: C:\Users\280707\.appium
&amp#27;[38;5;112m[Appium]&amp#27;[0m Attempting to load driver uiautomator2...
&amp#27;[38;5;112m[Appium]&amp#27;[0m Requiring driver at C:\Users\280707\.appium\node_modules\appium-uiautomator2-driver\build\index.js
&amp#27;[38;5;112m[Appium]&amp#27;[0m AndroidUiautomator2Driver has been successfully loaded in 2.381s
&amp#27;[38;5;86m[HTTP]&amp#27;[0m Could not start REST http interface listener. The requested port may already be in use. Please make sure there is no other instance of this server running already.
&amp#27;[38;5;112m[Appium]&amp#27;[0m Could not configure Appium server. It's possible that a driver or plugin tried to update the server and failed. Original error: listen EADDRINUSE: address already in use 0.0.0.0:4723
&amp#27;[38;5;112m[Appium]&amp#27;[0m Error: listen EADDRINUSE: address already in use 0.0.0.0:4723
    at Server.setupListenHandle [as _listen2] (node:net:1904:16)
    at listenInCluster (node:net:1961:12)
    at doListen (node:net:2135:7)
    at processTicksAndRejections (node:internal/process/task_queues:83:21)
//android.widget.Button[contains(@content-desc,'Go to Park')]
]]></system-out>
  </testcase>
  <testcase name="Verify user can add a task to favorite" classname="Favorite Task Validation" time="99.532">
    <system-out><![CDATA[&amp#27;[38;5;112m[Appium]&amp#27;[0m Welcome to Appium v2.11.3
&amp#27;[38;5;112m[Appium]&amp#27;[0m The autodetected Appium home path: C:\Users\280707\.appium
&amp#27;[38;5;112m[Appium]&amp#27;[0m Attempting to load driver uiautomator2...
&amp#27;[38;5;112m[Appium]&amp#27;[0m Requiring driver at C:\Users\280707\.appium\node_modules\appium-uiautomator2-driver\build\index.js
&amp#27;[38;5;112m[Appium]&amp#27;[0m AndroidUiautomator2Driver has been successfully loaded in 2.677s
&amp#27;[38;5;86m[HTTP]&amp#27;[0m Could not start REST http interface listener. The requested port may already be in use. Please make sure there is no other instance of this server running already.
&amp#27;[38;5;112m[Appium]&amp#27;[0m Could not configure Appium server. It's possible that a driver or plugin tried to update the server and failed. Original error: listen EADDRINUSE: address already in use 0.0.0.0:4723
&amp#27;[38;5;112m[Appium]&amp#27;[0m Error: listen EADDRINUSE: address already in use 0.0.0.0:4723
    at Server.setupListenHandle [as _listen2] (node:net:1904:16)
    at listenInCluster (node:net:1961:12)
    at doListen (node:net:2135:7)
    at processTicksAndRejections (node:internal/process/task_queues:83:21)
//android.widget.Button[contains(@content-desc,'Go to Park')]
false
false
false
false
false
true
]]></system-out>
  </testcase>
  <testcase name="Verify user can remove a favorite task from the list" classname="Favorite Task Validation" time="92.019">
    <system-out><![CDATA[&amp#27;[38;5;112m[Appium]&amp#27;[0m Welcome to Appium v2.11.3
&amp#27;[38;5;112m[Appium]&amp#27;[0m The autodetected Appium home path: C:\Users\280707\.appium
&amp#27;[38;5;112m[Appium]&amp#27;[0m Attempting to load driver uiautomator2...
&amp#27;[38;5;112m[Appium]&amp#27;[0m Requiring driver at C:\Users\280707\.appium\node_modules\appium-uiautomator2-driver\build\index.js
&amp#27;[38;5;112m[Appium]&amp#27;[0m AndroidUiautomator2Driver has been successfully loaded in 2.419s
&amp#27;[38;5;86m[HTTP]&amp#27;[0m Could not start REST http interface listener. The requested port may already be in use. Please make sure there is no other instance of this server running already.
&amp#27;[38;5;112m[Appium]&amp#27;[0m Could not configure Appium server. It's possible that a driver or plugin tried to update the server and failed. Original error: listen EADDRINUSE: address already in use 0.0.0.0:4723
&amp#27;[38;5;112m[Appium]&amp#27;[0m Error: listen EADDRINUSE: address already in use 0.0.0.0:4723
    at Server.setupListenHandle [as _listen2] (node:net:1904:16)
    at listenInCluster (node:net:1961:12)
    at doListen (node:net:2135:7)
    at processTicksAndRejections (node:internal/process/task_queues:83:21)
false
false
false
true
5
4
]]></system-out>
  </testcase>
  <testcase name="Verify user can invite a new member" classname="Invite User Functionality" time="62.094">
    <system-out><![CDATA[&amp#27;[38;5;112m[Appium]&amp#27;[0m Welcome to Appium v2.11.3
&amp#27;[38;5;112m[Appium]&amp#27;[0m The autodetected Appium home path: C:\Users\280707\.appium
&amp#27;[38;5;112m[Appium]&amp#27;[0m Attempting to load driver uiautomator2...
&amp#27;[38;5;112m[Appium]&amp#27;[0m Requiring driver at C:\Users\280707\.appium\node_modules\appium-uiautomator2-driver\build\index.js
&amp#27;[38;5;112m[Appium]&amp#27;[0m AndroidUiautomator2Driver has been successfully loaded in 2.556s
&amp#27;[38;5;86m[HTTP]&amp#27;[0m Could not start REST http interface listener. The requested port may already be in use. Please make sure there is no other instance of this server running already.
&amp#27;[38;5;112m[Appium]&amp#27;[0m Could not configure Appium server. It's possible that a driver or plugin tried to update the server and failed. Original error: listen EADDRINUSE: address already in use 0.0.0.0:4723
&amp#27;[38;5;112m[Appium]&amp#27;[0m Error: listen EADDRINUSE: address already in use 0.0.0.0:4723
    at Server.setupListenHandle [as _listen2] (node:net:1904:16)
    at listenInCluster (node:net:1961:12)
    at doListen (node:net:2135:7)
    at processTicksAndRejections (node:internal/process/task_queues:83:21)
true
]]></system-out>
  </testcase>
  <testcase name="logging in app" classname="login" time="50.502">
    <system-out><![CDATA[&amp#27;[38;5;112m[Appium]&amp#27;[0m Welcome to Appium v2.11.3
&amp#27;[38;5;112m[Appium]&amp#27;[0m The autodetected Appium home path: C:\Users\280707\.appium
&amp#27;[38;5;112m[Appium]&amp#27;[0m Attempting to load driver uiautomator2...
&amp#27;[38;5;112m[Appium]&amp#27;[0m Requiring driver at C:\Users\280707\.appium\node_modules\appium-uiautomator2-driver\build\index.js
&amp#27;[38;5;112m[Appium]&amp#27;[0m AndroidUiautomator2Driver has been successfully loaded in 2.554s
&amp#27;[38;5;86m[HTTP]&amp#27;[0m Could not start REST http interface listener. The requested port may already be in use. Please make sure there is no other instance of this server running already.
&amp#27;[38;5;112m[Appium]&amp#27;[0m Could not configure Appium server. It's possible that a driver or plugin tried to update the server and failed. Original error: listen EADDRINUSE: address already in use 0.0.0.0:4723
&amp#27;[38;5;112m[Appium]&amp#27;[0m Error: listen EADDRINUSE: address already in use 0.0.0.0:4723
    at Server.setupListenHandle [as _listen2] (node:net:1904:16)
    at listenInCluster (node:net:1961:12)
    at doListen (node:net:2135:7)
    at processTicksAndRejections (node:internal/process/task_queues:83:21)
]]></system-out>
  </testcase>
  <testcase name="search a task" classname="search a task" time="56.013">
    <system-out><![CDATA[&amp#27;[38;5;112m[Appium]&amp#27;[0m Welcome to Appium v2.11.3
&amp#27;[38;5;112m[Appium]&amp#27;[0m The autodetected Appium home path: C:\Users\280707\.appium
&amp#27;[38;5;112m[Appium]&amp#27;[0m Attempting to load driver uiautomator2...
&amp#27;[38;5;112m[Appium]&amp#27;[0m Requiring driver at C:\Users\280707\.appium\node_modules\appium-uiautomator2-driver\build\index.js
&amp#27;[38;5;112m[Appium]&amp#27;[0m AndroidUiautomator2Driver has been successfully loaded in 2.782s
&amp#27;[38;5;86m[HTTP]&amp#27;[0m Could not start REST http interface listener. The requested port may already be in use. Please make sure there is no other instance of this server running already.
&amp#27;[38;5;112m[Appium]&amp#27;[0m Could not configure Appium server. It's possible that a driver or plugin tried to update the server and failed. Original error: listen EADDRINUSE: address already in use 0.0.0.0:4723
&amp#27;[38;5;112m[Appium]&amp#27;[0m Error: listen EADDRINUSE: address already in use 0.0.0.0:4723
    at Server.setupListenHandle [as _listen2] (node:net:1904:16)
    at listenInCluster (node:net:1961:12)
    at doListen (node:net:2135:7)
    at processTicksAndRejections (node:internal/process/task_queues:83:21)
]]></system-out>
  </testcase>
  <testcase name="Verify user can complete the overDue task" classname="Overdue Task Complete" time="96.14">
    <system-out><![CDATA[&amp#27;[38;5;112m[Appium]&amp#27;[0m Welcome to Appium v2.11.3
&amp#27;[38;5;112m[Appium]&amp#27;[0m The autodetected Appium home path: C:\Users\280707\.appium
&amp#27;[38;5;112m[Appium]&amp#27;[0m Attempting to load driver uiautomator2...
&amp#27;[38;5;112m[Appium]&amp#27;[0m Requiring driver at C:\Users\280707\.appium\node_modules\appium-uiautomator2-driver\build\index.js
&amp#27;[38;5;112m[Appium]&amp#27;[0m AndroidUiautomator2Driver has been successfully loaded in 2.801s
&amp#27;[38;5;86m[HTTP]&amp#27;[0m Could not start REST http interface listener. The requested port may already be in use. Please make sure there is no other instance of this server running already.
&amp#27;[38;5;112m[Appium]&amp#27;[0m Could not configure Appium server. It's possible that a driver or plugin tried to update the server and failed. Original error: listen EADDRINUSE: address already in use 0.0.0.0:4723
&amp#27;[38;5;112m[Appium]&amp#27;[0m Error: listen EADDRINUSE: address already in use 0.0.0.0:4723
    at Server.setupListenHandle [as _listen2] (node:net:1904:16)
    at listenInCluster (node:net:1961:12)
    at doListen (node:net:2135:7)
    at processTicksAndRejections (node:internal/process/task_queues:83:21)
//android.view.View[@content-desc='September 2024']/android.view.View[@content-desc='2']
//android.widget.Button[contains(@content-desc,'Go to Park')]
]]></system-out>
  </testcase>
</testsuite>